INFO: latexindent version 3.8.3, 2020-11-06, a script to indent .tex files
      latexindent lives here: /usr/share/texlive/texmf-dist/scripts/latexindent/
      Fri Sep  8 13:05:38 2023
      Filename: /home/dgotzens/localstorage/workspace/masterarbeit/thesis/tex/chapters/__latexindent_temp_calibration.tex
INFO: Processing switches:
      -y|--yaml: YAML settings specified via command line
      -c|--cruft: cruft directory
INFO: Directory for backup files and /home/dgotzens/localstorage/workspace/masterarbeit/thesis/tex//indent.log: /home/dgotzens/localstorage/workspace/masterarbeit/thesis/tex/
INFO: YAML settings read: defaultSettings.yaml
      Reading defaultSettings.yaml from /usr/share/texlive/texmf-dist/scripts/latexindent/defaultSettings.yaml
INFO: YAML settings read: indentconfig.yaml or .indentconfig.yaml
      Home directory is /home/dgotzens (didn't find either indentconfig.yaml or .indentconfig.yaml)
      To specify user settings you would put indentconfig.yaml here: /home/dgotzens/indentconfig.yaml
      Alternatively, you can use the hidden file .indentconfig.yaml as: /home/dgotzens/.indentconfig.yaml
INFO: YAML settings read: -y switch
      Updating masterSettings with defaultIndent:     
INFO: Phase 1: searching for objects
INFO: Phase 2: finding surrounding indentation
INFO: Phase 3: indenting objects
INFO: Phase 4: final indentation check
INFO: Output routine:
      Not outputting to file; see -w and -o switches for more options.
      --------------
INFO: Please direct all communication/issues to:
      https://github.com/cmhughes/latexindent.pl
